make[1]: Entering directory `/home/ics/icslabs/lab7'
./sdriver.pl -t trace01.txt -s ./tsh -a "-p"
#
# trace01.txt - Properly terminate on EOF.
#
./sdriver.pl -t trace02.txt -s ./tsh -a "-p"
#
# trace02.txt - Process builtin quit command.
#
./sdriver.pl -t trace03.txt -s ./tsh -a "-p"
#
# trace03.txt - Run a foreground job.
#
tsh> quit
./sdriver.pl -t trace04.txt -s ./tsh -a "-p"
#
# trace04.txt - Run a background job.
#
tsh> ./myspin 1 &
[1] (17441) ./myspin 1 &
./sdriver.pl -t trace05.txt -s ./tsh -a "-p"
#
# trace05.txt - Process jobs builtin command.
#
tsh> ./myspin 2 &
[1] (17447) ./myspin 2 &
tsh> ./myspin 3 &
[2] (17449) ./myspin 3 &
tsh> jobs
[1] (17447) Running ./myspin 2 &
[2] (17449) Running ./myspin 3 &
./sdriver.pl -t trace06.txt -s ./tsh -a "-p"
#
# trace06.txt - Forward SIGINT to foreground job.
#
tsh> ./myspin 4
Job [1] (17457) terminated by signal 2
./sdriver.pl -t trace07.txt -s ./tsh -a "-p"
#
# trace07.txt - Forward SIGINT only to foreground job.
#
tsh> ./myspin 4 &
[1] (17472) ./myspin 4 &
tsh> ./myspin 5
Job [2] (17474) terminated by signal 2
tsh> jobs
[1] (17472) Running ./myspin 4 &
./sdriver.pl -t trace08.txt -s ./tsh -a "-p"
#
# trace08.txt - Forward SIGTSTP only to foreground job.
#
tsh> ./myspin 4 &
[1] (17480) ./myspin 4 &
tsh> ./myspin 5
Job [2] (17482) stopped by signal 20
tsh> jobs
[1] (17480) Running ./myspin 4 &
[2] (17482) Stopped ./myspin 5 
./sdriver.pl -t trace09.txt -s ./tsh -a "-p"
#
# trace09.txt - Process bg builtin command
#
tsh> ./myspin 4 &
[1] (17487) ./myspin 4 &
tsh> ./myspin 5
Job [2] (17489) stopped by signal 20
tsh> jobs
[1] (17487) Running ./myspin 4 &
[2] (17489) Stopped ./myspin 5 
tsh> bg %2
[2] (17489) ./myspin 5 
tsh> jobs
[1] (17487) Running ./myspin 4 &
[2] (17489) Running ./myspin 5 
./sdriver.pl -t trace10.txt -s ./tsh -a "-p"
#
# trace10.txt - Process fg builtin command. 
#
tsh> ./myspin 4 &
[1] (17496) ./myspin 4 &
tsh> fg %1
Job [1] (17496) stopped by signal 20
tsh> jobs
[1] (17496) Stopped ./myspin 4 &
tsh> fg %1
tsh> jobs
./sdriver.pl -t trace11.txt -s ./tsh -a "-p"
#
# trace11.txt - Forward SIGINT to every process in foreground process group
#
tsh> ./mysplit 4
Job [1] (17504) terminated by signal 2
tsh> /bin/ps a
   PID TTY      STAT   TIME COMMAND
   532 tty7     Ssl+  12:04 /usr/lib/xorg/Xorg :0 -seat seat0 -auth /var/run/lightdm/root/:0 -nolisten tcp vt7 -novtswitch
   534 tty1     Ss+    0:00 /sbin/agetty -o -p -- \u --noclear tty1 linux
  1024 pts/0    Ss     0:00 bash
  1032 pts/0    S      0:00 su
  1033 pts/0    S      0:00 bash
  1289 pts/0    Sl+   16:01 /home/ics/VSCode-linux-x64/code
  1291 pts/0    S+     0:00 /home/ics/VSCode-linux-x64/code --type=zygote --no-sandbox
  1317 pts/0    Sl+    0:02 /home/ics/VSCode-linux-x64/code --type=gpu-process --enable-features=SharedArrayBuffer --disable-features=SpareRendererForSitePerProcess --disable-color-correct-rendering --no-sandbox --gpu-preferences=KAAAAAAAAACAAABAAQAAAAAAAAAAAGAAAAAAAAAAAAAIAAAAAAAAAAgAAAAAAAAA --service-request-channel-token=18094717576811556856
  1329 pts/0    Rl+   43:25 /home/ics/VSCode-linux-x64/code --type=renderer --disable-color-correct-rendering --no-sandbox --enable-features=SharedArrayBuffer --disable-features=SpareRendererForSitePerProcess --service-pipe-token=8103709145842523992 --lang=en-US --app-path=/home/ics/VSCode-linux-x64/resources/app --user-agent=Mozilla/5.0 (X11; Linux x86_64) AppleWebKit/537.36 (KHTML, like Gecko) Code/1.39.1 Chrome/69.0.3497.128 Electron/4.2.10 Safari/537.36 --node-integration=true --webview-tag=true --no-sandbox --background-color=#002b36 --num-raster-threads=1 --service-request-channel-token=8103709145842523992 --renderer-client-id=4 --shared-files=v8_context_snapshot_data:100,v8_natives_data:101
  1359 pts/0    Sl+    7:11 /home/ics/VSCode-linux-x64/code /home/ics/VSCode-linux-x64/resources/app/out/bootstrap-fork --type=extensionHost
  1367 pts/0    Sl+    0:23 /home/ics/VSCode-linux-x64/code --type=renderer --disable-color-correct-rendering --no-sandbox --enable-features=SharedArrayBuffer --disable-features=SpareRendererForSitePerProcess --disable-gpu-compositing --service-pipe-token=6824220149951423700 --lang=en-US --app-path=/home/ics/VSCode-linux-x64/resources/app --user-agent=Mozilla/5.0 (X11; Linux x86_64) AppleWebKit/537.36 (KHTML, like Gecko) Code/1.39.1 Chrome/69.0.3497.128 Electron/4.2.10 Safari/537.36 --node-integration=true --webview-tag=true --no-sandbox --background-color=#002b36 --disable-blink-features=Auxclick --num-raster-threads=1 --service-request-channel-token=6824220149951423700 --renderer-client-id=6 --shared-files=v8_context_snapshot_data:100,v8_natives_data:101
  1380 pts/0    Sl+    0:29 /home/ics/VSCode-linux-x64/code /home/ics/VSCode-linux-x64/resources/app/out/bootstrap-fork --type=watcherService
  1740 pts/0    Sl+    2:48 /root/.vscode/extensions/ms-vscode.cpptools-0.27.0/bin/cpptools
  1916 pts/0    Sl+    0:02 /home/ics/VSCode-linux-x64/code /home/ics/VSCode-linux-x64/resources/app/extensions/json-language-features/server/dist/jsonServerMain --node-ipc --clientProcessId=1359
 13760 pts/0    Sl+    0:37 /root/.vscode/extensions/ms-vscode.cpptools-0.27.0/bin/cpptools-srv 1740 11
 17412 pts/1    Ss     0:00 /bin/bash
 17501 pts/1    S+     0:00 /usr/bin/perl ./sdriver.pl -t trace11.txt -s ./tsh -a -p
 17502 pts/1    S+     0:00 ./tsh -p
 17507 pts/1    R      0:00 /bin/ps a
./sdriver.pl -t trace12.txt -s ./tsh -a "-p"
#
# trace12.txt - Forward SIGTSTP to every process in foreground process group
#
tsh> ./mysplit 4
Job [1] (17512) stopped by signal 20
tsh> jobs
[1] (17512) Stopped ./mysplit 4 
tsh> /bin/ps a
   PID TTY      STAT   TIME COMMAND
   532 tty7     Ssl+  12:05 /usr/lib/xorg/Xorg :0 -seat seat0 -auth /var/run/lightdm/root/:0 -nolisten tcp vt7 -novtswitch
   534 tty1     Ss+    0:00 /sbin/agetty -o -p -- \u --noclear tty1 linux
  1024 pts/0    Ss     0:00 bash
  1032 pts/0    S      0:00 su
  1033 pts/0    S      0:00 bash
  1289 pts/0    Sl+   16:03 /home/ics/VSCode-linux-x64/code
  1291 pts/0    S+     0:00 /home/ics/VSCode-linux-x64/code --type=zygote --no-sandbox
  1317 pts/0    Sl+    0:02 /home/ics/VSCode-linux-x64/code --type=gpu-process --enable-features=SharedArrayBuffer --disable-features=SpareRendererForSitePerProcess --disable-color-correct-rendering --no-sandbox --gpu-preferences=KAAAAAAAAACAAABAAQAAAAAAAAAAAGAAAAAAAAAAAAAIAAAAAAAAAAgAAAAAAAAA --service-request-channel-token=18094717576811556856
  1329 pts/0    Rl+   43:37 /home/ics/VSCode-linux-x64/code --type=renderer --disable-color-correct-rendering --no-sandbox --enable-features=SharedArrayBuffer --disable-features=SpareRendererForSitePerProcess --service-pipe-token=8103709145842523992 --lang=en-US --app-path=/home/ics/VSCode-linux-x64/resources/app --user-agent=Mozilla/5.0 (X11; Linux x86_64) AppleWebKit/537.36 (KHTML, like Gecko) Code/1.39.1 Chrome/69.0.3497.128 Electron/4.2.10 Safari/537.36 --node-integration=true --webview-tag=true --no-sandbox --background-color=#002b36 --num-raster-threads=1 --service-request-channel-token=8103709145842523992 --renderer-client-id=4 --shared-files=v8_context_snapshot_data:100,v8_natives_data:101
  1359 pts/0    Sl+    7:12 /home/ics/VSCode-linux-x64/code /home/ics/VSCode-linux-x64/resources/app/out/bootstrap-fork --type=extensionHost
  1367 pts/0    Sl+    0:23 /home/ics/VSCode-linux-x64/code --type=renderer --disable-color-correct-rendering --no-sandbox --enable-features=SharedArrayBuffer --disable-features=SpareRendererForSitePerProcess --disable-gpu-compositing --service-pipe-token=6824220149951423700 --lang=en-US --app-path=/home/ics/VSCode-linux-x64/resources/app --user-agent=Mozilla/5.0 (X11; Linux x86_64) AppleWebKit/537.36 (KHTML, like Gecko) Code/1.39.1 Chrome/69.0.3497.128 Electron/4.2.10 Safari/537.36 --node-integration=true --webview-tag=true --no-sandbox --background-color=#002b36 --disable-blink-features=Auxclick --num-raster-threads=1 --service-request-channel-token=6824220149951423700 --renderer-client-id=6 --shared-files=v8_context_snapshot_data:100,v8_natives_data:101
  1380 pts/0    Sl+    0:29 /home/ics/VSCode-linux-x64/code /home/ics/VSCode-linux-x64/resources/app/out/bootstrap-fork --type=watcherService
  1740 pts/0    Sl+    2:48 /root/.vscode/extensions/ms-vscode.cpptools-0.27.0/bin/cpptools
  1916 pts/0    Sl+    0:02 /home/ics/VSCode-linux-x64/code /home/ics/VSCode-linux-x64/resources/app/extensions/json-language-features/server/dist/jsonServerMain --node-ipc --clientProcessId=1359
 13760 pts/0    Sl+    0:37 /root/.vscode/extensions/ms-vscode.cpptools-0.27.0/bin/cpptools-srv 1740 11
 17412 pts/1    Ss     0:00 /bin/bash
 17509 pts/1    S+     0:00 /usr/bin/perl ./sdriver.pl -t trace12.txt -s ./tsh -a -p
 17510 pts/1    S+     0:00 ./tsh -p
 17512 pts/1    T      0:00 ./mysplit 4
 17513 pts/1    T      0:00 ./mysplit 4
 17516 pts/1    R      0:00 /bin/ps a
./sdriver.pl -t trace13.txt -s ./tsh -a "-p"
#
# trace13.txt - Restart every stopped process in process group
#
tsh> ./mysplit 4
Job [1] (17523) stopped by signal 20
tsh> jobs
[1] (17523) Stopped ./mysplit 4 
tsh> /bin/ps a
   PID TTY      STAT   TIME COMMAND
   532 tty7     Ssl+  12:05 /usr/lib/xorg/Xorg :0 -seat seat0 -auth /var/run/lightdm/root/:0 -nolisten tcp vt7 -novtswitch
   534 tty1     Ss+    0:00 /sbin/agetty -o -p -- \u --noclear tty1 linux
  1024 pts/0    Ss     0:00 bash
  1032 pts/0    S      0:00 su
  1033 pts/0    S      0:00 bash
  1289 pts/0    Sl+   16:04 /home/ics/VSCode-linux-x64/code
  1291 pts/0    S+     0:00 /home/ics/VSCode-linux-x64/code --type=zygote --no-sandbox
  1317 pts/0    Sl+    0:02 /home/ics/VSCode-linux-x64/code --type=gpu-process --enable-features=SharedArrayBuffer --disable-features=SpareRendererForSitePerProcess --disable-color-correct-rendering --no-sandbox --gpu-preferences=KAAAAAAAAACAAABAAQAAAAAAAAAAAGAAAAAAAAAAAAAIAAAAAAAAAAgAAAAAAAAA --service-request-channel-token=18094717576811556856
  1329 pts/0    Rl+   43:44 /home/ics/VSCode-linux-x64/code --type=renderer --disable-color-correct-rendering --no-sandbox --enable-features=SharedArrayBuffer --disable-features=SpareRendererForSitePerProcess --service-pipe-token=8103709145842523992 --lang=en-US --app-path=/home/ics/VSCode-linux-x64/resources/app --user-agent=Mozilla/5.0 (X11; Linux x86_64) AppleWebKit/537.36 (KHTML, like Gecko) Code/1.39.1 Chrome/69.0.3497.128 Electron/4.2.10 Safari/537.36 --node-integration=true --webview-tag=true --no-sandbox --background-color=#002b36 --num-raster-threads=1 --service-request-channel-token=8103709145842523992 --renderer-client-id=4 --shared-files=v8_context_snapshot_data:100,v8_natives_data:101
  1359 pts/0    Sl+    7:12 /home/ics/VSCode-linux-x64/code /home/ics/VSCode-linux-x64/resources/app/out/bootstrap-fork --type=extensionHost
  1367 pts/0    Sl+    0:23 /home/ics/VSCode-linux-x64/code --type=renderer --disable-color-correct-rendering --no-sandbox --enable-features=SharedArrayBuffer --disable-features=SpareRendererForSitePerProcess --disable-gpu-compositing --service-pipe-token=6824220149951423700 --lang=en-US --app-path=/home/ics/VSCode-linux-x64/resources/app --user-agent=Mozilla/5.0 (X11; Linux x86_64) AppleWebKit/537.36 (KHTML, like Gecko) Code/1.39.1 Chrome/69.0.3497.128 Electron/4.2.10 Safari/537.36 --node-integration=true --webview-tag=true --no-sandbox --background-color=#002b36 --disable-blink-features=Auxclick --num-raster-threads=1 --service-request-channel-token=6824220149951423700 --renderer-client-id=6 --shared-files=v8_context_snapshot_data:100,v8_natives_data:101
  1380 pts/0    Sl+    0:29 /home/ics/VSCode-linux-x64/code /home/ics/VSCode-linux-x64/resources/app/out/bootstrap-fork --type=watcherService
  1740 pts/0    Sl+    2:48 /root/.vscode/extensions/ms-vscode.cpptools-0.27.0/bin/cpptools
  1916 pts/0    Sl+    0:02 /home/ics/VSCode-linux-x64/code /home/ics/VSCode-linux-x64/resources/app/extensions/json-language-features/server/dist/jsonServerMain --node-ipc --clientProcessId=1359
 13760 pts/0    Sl+    0:37 /root/.vscode/extensions/ms-vscode.cpptools-0.27.0/bin/cpptools-srv 1740 11
 17412 pts/1    Ss     0:00 /bin/bash
 17520 pts/1    S+     0:00 /usr/bin/perl ./sdriver.pl -t trace13.txt -s ./tsh -a -p
 17521 pts/1    S+     0:00 ./tsh -p
 17523 pts/1    T      0:00 ./mysplit 4
 17524 pts/1    T      0:00 ./mysplit 4
 17538 pts/1    R      0:00 /bin/ps a
tsh> fg %1
tsh> /bin/ps a
   PID TTY      STAT   TIME COMMAND
   532 tty7     Ssl+  12:05 /usr/lib/xorg/Xorg :0 -seat seat0 -auth /var/run/lightdm/root/:0 -nolisten tcp vt7 -novtswitch
   534 tty1     Ss+    0:00 /sbin/agetty -o -p -- \u --noclear tty1 linux
  1024 pts/0    Ss     0:00 bash
  1032 pts/0    S      0:00 su
  1033 pts/0    S      0:00 bash
  1289 pts/0    Sl+   16:04 /home/ics/VSCode-linux-x64/code
  1291 pts/0    S+     0:00 /home/ics/VSCode-linux-x64/code --type=zygote --no-sandbox
  1317 pts/0    Sl+    0:02 /home/ics/VSCode-linux-x64/code --type=gpu-process --enable-features=SharedArrayBuffer --disable-features=SpareRendererForSitePerProcess --disable-color-correct-rendering --no-sandbox --gpu-preferences=KAAAAAAAAACAAABAAQAAAAAAAAAAAGAAAAAAAAAAAAAIAAAAAAAAAAgAAAAAAAAA --service-request-channel-token=18094717576811556856
  1329 pts/0    Rl+   43:45 /home/ics/VSCode-linux-x64/code --type=renderer --disable-color-correct-rendering --no-sandbox --enable-features=SharedArrayBuffer --disable-features=SpareRendererForSitePerProcess --service-pipe-token=8103709145842523992 --lang=en-US --app-path=/home/ics/VSCode-linux-x64/resources/app --user-agent=Mozilla/5.0 (X11; Linux x86_64) AppleWebKit/537.36 (KHTML, like Gecko) Code/1.39.1 Chrome/69.0.3497.128 Electron/4.2.10 Safari/537.36 --node-integration=true --webview-tag=true --no-sandbox --background-color=#002b36 --num-raster-threads=1 --service-request-channel-token=8103709145842523992 --renderer-client-id=4 --shared-files=v8_context_snapshot_data:100,v8_natives_data:101
  1359 pts/0    Sl+    7:12 /home/ics/VSCode-linux-x64/code /home/ics/VSCode-linux-x64/resources/app/out/bootstrap-fork --type=extensionHost
  1367 pts/0    Sl+    0:23 /home/ics/VSCode-linux-x64/code --type=renderer --disable-color-correct-rendering --no-sandbox --enable-features=SharedArrayBuffer --disable-features=SpareRendererForSitePerProcess --disable-gpu-compositing --service-pipe-token=6824220149951423700 --lang=en-US --app-path=/home/ics/VSCode-linux-x64/resources/app --user-agent=Mozilla/5.0 (X11; Linux x86_64) AppleWebKit/537.36 (KHTML, like Gecko) Code/1.39.1 Chrome/69.0.3497.128 Electron/4.2.10 Safari/537.36 --node-integration=true --webview-tag=true --no-sandbox --background-color=#002b36 --disable-blink-features=Auxclick --num-raster-threads=1 --service-request-channel-token=6824220149951423700 --renderer-client-id=6 --shared-files=v8_context_snapshot_data:100,v8_natives_data:101
  1380 pts/0    Sl+    0:29 /home/ics/VSCode-linux-x64/code /home/ics/VSCode-linux-x64/resources/app/out/bootstrap-fork --type=watcherService
  1740 pts/0    Sl+    2:48 /root/.vscode/extensions/ms-vscode.cpptools-0.27.0/bin/cpptools
  1916 pts/0    Sl+    0:02 /home/ics/VSCode-linux-x64/code /home/ics/VSCode-linux-x64/resources/app/extensions/json-language-features/server/dist/jsonServerMain --node-ipc --clientProcessId=1359
 13760 pts/0    Sl+    0:37 /root/.vscode/extensions/ms-vscode.cpptools-0.27.0/bin/cpptools-srv 1740 11
 17412 pts/1    Ss     0:00 /bin/bash
 17520 pts/1    S+     0:00 /usr/bin/perl ./sdriver.pl -t trace13.txt -s ./tsh -a -p
 17521 pts/1    S+     0:00 ./tsh -p
 17541 pts/1    R      0:00 /bin/ps a
./sdriver.pl -t trace14.txt -s ./tsh -a "-p"
#
# trace14.txt - Simple error handling
#
tsh> ./bogus
./bogus: Command not found
tsh> ./myspin 4 &
[1] (17548) ./myspin 4 &
tsh> fg
fg command requires PID or %jobid argument
tsh> bg
bg command requires PID or %jobid argument
tsh> fg a
a argument must be a PID or %jobid
tsh> bg a
a argument must be a PID or %jobid
tsh> fg 9999999
9999999: No such process
tsh> bg 9999999
9999999: No such process
tsh> fg %2
%2: No such job
tsh> fg %1
Job [1] (17548) stopped by signal 20
tsh> bg %2
%2: No such job
tsh> bg %1
[1] (17548) ./myspin 4 &
tsh> jobs
[1] (17548) Running ./myspin 4 &
./sdriver.pl -t trace15.txt -s ./tsh -a "-p"
#
# trace15.txt - Putting it all together
#
tsh> ./bogus
./bogus: Command not found
tsh> ./myspin 10
Job [1] (17566) terminated by signal 2
tsh> ./myspin 3 &
[1] (17568) ./myspin 3 &
tsh> ./myspin 4 &
[2] (17570) ./myspin 4 &
tsh> jobs
[1] (17568) Running ./myspin 3 &
[2] (17570) Running ./myspin 4 &
tsh> fg %1
Job [1] (17568) stopped by signal 20
tsh> jobs
[1] (17568) Stopped ./myspin 3 &
[2] (17570) Running ./myspin 4 &
tsh> bg %3
%3: No such job
tsh> bg %1
[1] (17568) ./myspin 3 &
tsh> jobs
[1] (17568) Running ./myspin 3 &
[2] (17570) Running ./myspin 4 &
tsh> fg %1
tsh> quit
./sdriver.pl -t trace16.txt -s ./tsh -a "-p"
#
# trace16.txt - Tests whether the shell can handle SIGTSTP and SIGINT
#     signals that come from other processes instead of the terminal.
#
tsh> ./mystop 2
Job [1] (17582) stopped by signal 20
tsh> jobs
[1] (17582) Stopped ./mystop 2
tsh> ./myint 2
Job [2] (17585) terminated by signal 2
make[1]: Leaving directory `/home/ics/icslabs/lab7'
